<?xml version="1.0" encoding="UTF-8" ?>
<testsuite failures="1" time="0.031" errors="0" skipped="0" tests="2" name="TestSuite">
  <properties>
[...]
</properties>
  <testcase time="0" classname="org.elasterix.sip.client.SipClientTest" name="testClient"/>
  <testcase time="0.031" classname="org.elasterix.sip.codec.SipRequestDecoderTest" name="testInviteMessage">
    <failure type="java.lang.Exception:">java.lang.Exception: 
	at org.elasterix.sip.codec.SipRequestDecoderTest.testInviteMessage(SipRequestDecoderTest.java:36)
</failure>
  </testcase>
</testsuite>